<?xml version="1.0" encoding="UTF-8"?>
<!-- Generated by org.testng.reporters.JUnitXMLReporter -->
<testsuite ignored="0" hostname="MY-PC" failures="0" tests="1" name="Test-Runner2" time="37.34" errors="0" timestamp="2021-12-26T14:39:11 IST">
  <testcase classname="com.crm.autodeskorgtest.OrgTestJavaTestNg" name="CreateOrgTest" time="17.291"/>
</testsuite> <!-- Test-Runner2 -->
