<?xml version="1.0" encoding="UTF-8"?>
<!-- Generated by org.testng.reporters.JUnitXMLReporter -->
<testsuite ignored="0" hostname="MY-PC" failures="0" tests="1" name="Test-Runner1" time="39.327" errors="0" timestamp="2021-12-26T14:39:13 IST">
  <testcase classname="com.crm.autodeskorgtest.OrgTestJavaTestNg" name="CreateOrgTest" time="16.139"/>
</testsuite> <!-- Test-Runner1 -->
