<?xml version="1.0" encoding="UTF-8"?>
<!-- Generated by org.testng.reporters.JUnitReportReporter -->
<testsuite hostname="MY-PC" failures="0" tests="3" name="Practice.DataProviderPracticeTest" time="0.029" errors="0" timestamp="2021-12-22T17:54:04 IST" skipped="0">
  <testcase classname="Practice.DataProviderPracticeTest" name="readDataFromDataProviderTest" time="0.016"/>
  <system-out/>
  <testcase classname="Practice.DataProviderPracticeTest" name="readDataFromDataProviderTest" time="0.004"/>
  <system-out/>
  <testcase classname="Practice.DataProviderPracticeTest" name="readDataFromDataProviderTest" time="0.009"/>
  <system-out/>
</testsuite> <!-- Practice.DataProviderPracticeTest -->
